[debug] [2022-06-30T19:42:14.255Z] ----------------------------------------------------------------------
[debug] [2022-06-30T19:42:14.257Z] Command:       C:\Program Files\nodejs\node.exe C:\Users\NIKHAR GANGWAR\AppData\Roaming\npm\node_modules\firebase-tools\lib\bin\firebase.js init
[debug] [2022-06-30T19:42:14.257Z] CLI Version:   11.1.0
[debug] [2022-06-30T19:42:14.258Z] Platform:      win32
[debug] [2022-06-30T19:42:14.258Z] Node Version:  v16.15.1
[debug] [2022-06-30T19:42:14.259Z] Time:          Fri Jul 01 2022 01:12:14 GMT+0530 (India Standard Time)
[debug] [2022-06-30T19:42:14.259Z] ----------------------------------------------------------------------
[debug] 
[debug] [2022-06-30T19:42:14.332Z] > command requires scopes: ["email","openid","https://www.googleapis.com/auth/cloudplatformprojects.readonly","https://www.googleapis.com/auth/firebase","https://www.googleapis.com/auth/cloud-platform"]
[debug] [2022-06-30T19:42:14.332Z] > authorizing via signed-in user (nikhar.gangwar13@gmail.com)
[info] 
     ######## #### ########  ######## ########     ###     ######  ########
     ##        ##  ##     ## ##       ##     ##  ##   ##  ##       ##
     ######    ##  ########  ######   ########  #########  ######  ######
     ##        ##  ##    ##  ##       ##     ## ##     ##       ## ##
     ##       #### ##     ## ######## ########  ##     ##  ######  ########

You're about to initialize a Firebase project in this directory:

  C:\nikhar\Yash\projects\Whatsapp_clone\whatsapp-clone

Before we get started, keep in mind:

  * You are currently outside your home directory
  * You are initializing within an existing Firebase project directory

[info] 
=== Project Setup
[info] 
[info] First, let's associate this project directory with a Firebase project.
[info] You can create multiple project aliases by running firebase use --add, 
[info] but for now we'll just set up a default project.
[info] 
[debug] [2022-06-30T19:42:39.297Z] Using project from CLI flag: whatsapp-clone-1ec4f
[debug] [2022-06-30T19:42:39.301Z] > refreshing access token with scopes: []
[debug] [2022-06-30T19:42:39.305Z] >>> [apiv2][query] POST https://www.googleapis.com/oauth2/v3/token [none]
[debug] [2022-06-30T19:42:39.306Z] >>> [apiv2][body] POST https://www.googleapis.com/oauth2/v3/token [omitted]
[debug] [2022-06-30T19:42:39.612Z] <<< [apiv2][status] POST https://www.googleapis.com/oauth2/v3/token 400
[debug] [2022-06-30T19:42:39.612Z] <<< [apiv2][body] POST https://www.googleapis.com/oauth2/v3/token [omitted]
[debug] [2022-06-30T19:42:39.613Z] >>> [apiv2][query] GET https://firebase.googleapis.com/v1beta1/projects/whatsapp-clone-1ec4f [none]
[debug] [2022-06-30T19:42:39.946Z] <<< [apiv2][status] GET https://firebase.googleapis.com/v1beta1/projects/whatsapp-clone-1ec4f 401
[debug] [2022-06-30T19:42:39.946Z] <<< [apiv2][body] GET https://firebase.googleapis.com/v1beta1/projects/whatsapp-clone-1ec4f {"error":{"code":401,"message":"Request had invalid authentication credentials. Expected OAuth 2 access token, login cookie or other valid authentication credential. See https://developers.google.com/identity/sign-in/web/devconsole-project.","status":"UNAUTHENTICATED"}}
[debug] [2022-06-30T19:42:39.947Z] HTTP Error: 401, Request had invalid authentication credentials. Expected OAuth 2 access token, login cookie or other valid authentication credential. See https://developers.google.com/identity/sign-in/web/devconsole-project.
[debug] [2022-06-30T19:42:40.146Z] FirebaseError: HTTP Error: 401, Request had invalid authentication credentials. Expected OAuth 2 access token, login cookie or other valid authentication credential. See https://developers.google.com/identity/sign-in/web/devconsole-project.
    at responseToError (C:\Users\NIKHAR GANGWAR\AppData\Roaming\npm\node_modules\firebase-tools\lib\responseToError.js:49:12)
    at RetryOperation._fn (C:\Users\NIKHAR GANGWAR\AppData\Roaming\npm\node_modules\firebase-tools\lib\apiv2.js:287:77)
    at processTicksAndRejections (node:internal/process/task_queues:96:5)
[error] 
[error] Error: Failed to get Firebase project whatsapp-clone-1ec4f. Please make sure the project exists and your account has permission to access it.
